<?xml version="1.0" encoding="UTF-8"?>
<!-- Generated by org.testng.reporters.JUnitReportReporter -->
<testsuite hostname="Mehuls-MacBook-Pro.local" name="com.morningstar.test.SampleTest" tests="1" failures="0" timestamp="6 Apr 2016 10:38:29 GMT" time="5.135" errors="0">
  <testcase name="cancelitinerary" time="5.135" classname="com.morningstar.test.SampleTest"/>
</testsuite> <!-- com.morningstar.test.SampleTest -->
