<?xml version="1.0" encoding="UTF-8"?>
<!-- Generated by org.testng.reporters.JUnitReportReporter -->
<testsuite hostname="Mehuls-MacBook-Pro.local" name="com.morningstar.test.SampleTest" tests="1" failures="0" timestamp="6 Apr 2016 11:01:48 GMT" time="18.299" errors="0">
  <testcase name="cancelitinerary" time="18.299" classname="com.morningstar.test.SampleTest"/>
</testsuite> <!-- com.morningstar.test.SampleTest -->
